<!DOCTYPE html>
<html lang="en" >

<head>
    <meta charset="utf-8" />
    <meta http-equiv="X-UA-Compatible" content="IE=edge,chrome=1" />
    <meta name="viewport" content="width=device-width, initial-scale=1" />
    <meta name="generator" content="Hugo 0.55.6" />
    
    <link rel="canonical" href="https://mjczz.github.io/sql/sql%E4%BC%98%E5%8C%966/" />
    <meta name="description" content="A hugo site using Edidor. &lt;br/&gt;&lt;br/&gt; Ctrl&#43;B toggle sidebar. ">
    

    <title>sql优化6 &middot; Edidor Demo</title>

    <link rel="shortcut icon" href="https://mjczz.github.io/images/favicon.ico" />

    <link rel="stylesheet" href="https://mjczz.github.io/css/main.css" />
    
        
        <link rel="stylesheet"
        href="https://cdnjs.cloudflare.com/ajax/libs/highlight.js/9.15.6/styles/atom-one-light.min.css">
        
    
    
    
</head>


<body class="loading light-mode">
    
<div class="top">
    <img class="logo" src="https://mjczz.github.io/images/logo.svg" alt="logo" />
</div>
<div class="bottom">
    <img class="logo" src="https://mjczz.github.io/images/logo.svg" alt="logo" />
</div>

    <header class="header">
    <ul class="menu clearfix control">
        

<li class="logo-container logo-default">
    <a href="https://mjczz.github.io/" class="btn logo-link">
        <img class="logo" src="https://mjczz.github.io/images/logo.svg" alt="logo" />
    </a>
</li>

        
        
        
        
        <li 
            class="">
            <a class="btn" id="theme-switcher-button">
                Article
            </a>
            <ul class="sub-menu control">
                
                <li class="">
                    <a href="/posts"
                    
                        class="btn "
                    >Posts</a>
                </li>
                
            </ul>
        </li>
        
        
        
        
        <li 
            class="">
            <a class="btn" id="theme-switcher-button">
                SQL优化
            </a>
            <ul class="sub-menu control">
                
                <li class="">
                    <a href="/sql"
                    
                        class="btn "
                    >sql</a>
                </li>
                
            </ul>
        </li>
        
        
        
        
        <li 
            class="">
            <a class="btn" id="theme-switcher-button">
                侧边栏
            </a>
            <ul class="sub-menu control">
                
                <li class="">
                    <a href="#"
                    
                        class="btn toggle-sidebar"
                    >切换</a>
                </li>
                
            </ul>
        </li>
        
        
        
        
        <li  id="theme-switcher" 
            class="">
            <a class="btn" id="theme-switcher-button">
                Theme
            </a>
            <ul class="sub-menu control">
                
                <li class="">
                    <a href="#"
                    
                        
                        data-theme="light" class="btn"
                        
                    >Light</a>
                </li>
                
                <li class="">
                    <a href="#"
                    
                        
                        data-theme="dark" class="btn"
                        
                    >Dark</a>
                </li>
                
                <li class="">
                    <a href="#"
                    
                        
                        data-theme="wild" class="btn"
                        
                    >Wild</a>
                </li>
                
                <li class="">
                    <a href="#"
                    
                        
                        class="export-wild btn"
                        
                    >Export Wild Style</a>
                </li>
                
            </ul>
        </li>
        
        
    </ul>
</header>

    <div class="middle">
        <nav class="sidebar">
            <ul class="posts control">
    
    <li><a class="no-break btn" href='/sql/sql%E4%BC%98%E5%8C%968/'><i class="icon icon-post"></i>sql优化8</a></li>
    
    <li><a class="no-break btn" href='/sql/sql%E4%BC%98%E5%8C%967/'><i class="icon icon-post"></i>sql优化7</a></li>
    
    <li><a class="no-break btn" href='/sql/sql%E4%BC%98%E5%8C%966/'><i class="icon icon-post"></i>sql优化6</a></li>
    
    <li><a class="no-break btn" href='/sql/sql%E4%BC%98%E5%8C%965/'><i class="icon icon-post"></i>sql优化5</a></li>
    
    <li><a class="no-break btn" href='/sql/sql%E4%BC%98%E5%8C%964/'><i class="icon icon-post"></i>sql优化4</a></li>
    
    <li><a class="no-break btn" href='/sql/sql%E4%BC%98%E5%8C%963/'><i class="icon icon-post"></i>sql优化3</a></li>
    
    <li><a class="no-break btn" href='/sql/sql%E4%BC%98%E5%8C%962/'><i class="icon icon-post"></i>sql优化2</a></li>
    
    <li><a class="no-break btn" href='/sql/sql%E4%BC%98%E5%8C%961/'><i class="icon icon-post"></i>sql优化1</a></li>
    
    <li><a class="no-break btn" href='/sql/sql%E4%BC%98%E5%8C%969/'><i class="icon icon-post"></i></a></li>
    
    <li><a class="no-break btn" href='/sql/sql%E4%BC%98%E5%8C%9614/'><i class="icon icon-post"></i></a></li>
    
</ul>

        </nav>
        <main class="main">
            <article class="article">
    <h2 class="title"><a href='/sql/sql%E4%BC%98%E5%8C%966/' class="btn">sql优化6</a></h2>
    <div class="article-meta clearfix">
        <ul class="dates clearfix left control">
            <li><i class="icon icon-date"></i></li>
            <li class="publish-date">
                <time datetime="2019.06.01">2019.06.01</time>
            </li>
        </ul>
        
        
    </div>
    <div class="content">
        
        

<h3 id="业务场景">业务场景</h3>

<p>资源列表，不传参数的情况下(极端情况，一般都会有参数)</p>

<h3 id="原sql">原sql</h3>

<pre><code class="language-sql">SELECT  ncs.*, nst.status AS student_status,
    ncc.assistant AS campus_assistant,
    ncc.follow_time AS campus_follow_time,
    ncc.next_time AS campus_next_time,
    ncc.campus_cuid,
    ncc.campus_ctime,
    ncc.follow_num AS campus_follow_num,
    ncc.distribution_time,
    ncc.campus AS current_campus,
    ncc.campus_source_from,
    ncc.campus_source_child_from,
    ncc. ID crm_campus_id,
    ncc.campus_status,
    ncc.campus_is_sc,
    ncc.campus_is_yx
FROM nice_crm2_campus AS ncc
LEFT JOIN nice_crm2_student AS ncs ON ncs.student_id = ncc.student_id
LEFT JOIN nice_student AS nst ON ncs.s_id = nst.student_id
ORDER BY ncs.student_id DESC
LIMIT 50 OFFSET 0
</code></pre>

<h3 id="查询计划分析">查询计划分析</h3>

<pre><code class="language-sql">Limit  (cost=171534.88..171535.01 rows=50 width=267) (actual time=4326.333..4326.356 rows=50 loops=1)
  -&gt;  Sort  (cost=171534.88..173003.35 rows=587388 width=267) (actual time=4326.331..4326.346 rows=50 loops=1)
        Sort Key: ncs.student_id DESC
        Sort Method: top-N heapsort  Memory: 39kB
        -&gt;  Hash Left Join  (cost=83648.23..152022.28 rows=587388 width=267) (actual time=940.417..3725.608 rows=587392 loops=1)
              Hash Cond: (ncs.s_id = nst.student_id)
              -&gt;  Hash Left Join  (cost=81898.17..142195.63 rows=587388 width=265) (actual time=922.628..3444.172 rows=587392 loops=1)
                    Hash Cond: (ncc.student_id = ncs.student_id)
                    -&gt;  Seq Scan on nice_crm2_campus ncc  (cost=0.00..13125.88 rows=587388 width=48) (actual time=0.041..179.576 rows=587392 loops=1)
                    -&gt;  Hash  (cost=41250.74..41250.74 rows=950274 width=221) (actual time=789.739..789.739 rows=950218 loops=1)
                          Buckets: 16384 (originally 16384)  Batches: 128 (originally 64)  Memory Usage: 4045kB
                          -&gt;  Seq Scan on nice_crm2_student ncs  (cost=0.00..41250.74 rows=950274 width=221) (actual time=0.017..251.939 rows=950218 loops=1)
              -&gt;  Hash  (cost=1377.25..1377.25 rows=29825 width=6) (actual time=17.640..17.640 rows=29825 loops=1)
                    Buckets: 32768  Batches: 1  Memory Usage: 1422kB
                    -&gt;  Seq Scan on nice_student nst  (cost=0.00..1377.25 rows=29825 width=6) (actual time=0.009..11.521 rows=29825 loops=1)
Planning time: 0.565 ms
Execution time: 4326.667 ms
</code></pre>

<h3 id="根据查询计划分析出">根据查询计划分析出</h3>

<p>1. 全表扫描了nice_student_nst，29825行数据
2. 全表扫描了nice_crm2_campus,587392条数据
3. 排序字段用了nice_crm2_studnet的student_id</p>

<h3 id="优化后的sql">优化后的sql</h3>

<p>将排序字段改为ncc.student_id</p>

<pre><code class="language-sql">SELECT  ncs.*, nst.status AS student_status,
    ncc.assistant AS campus_assistant,
    ncc.follow_time AS campus_follow_time,
    ncc.next_time AS campus_next_time,
    ncc.campus_cuid,
    ncc.campus_ctime,
    ncc.follow_num AS campus_follow_num,
    ncc.distribution_time,
    ncc.campus AS current_campus,
    ncc.campus_source_from,
    ncc.campus_source_child_from,
    ncc. ID crm_campus_id,
    ncc.campus_status,
    ncc.campus_is_sc,
    ncc.campus_is_yx
FROM nice_crm2_campus AS ncc
LEFT JOIN nice_crm2_student AS ncs ON ncs.student_id = ncc.student_id
LEFT JOIN nice_student AS nst ON ncs.s_id = nst.student_id
ORDER BY ncs.student_id DESC
LIMIT 50 OFFSET 0
</code></pre>

<h3 id="优化后的sql查询计划分析">优化后的sql查询计划分析</h3>

<pre><code class="language-sql">Limit  (cost=1.14..55.93 rows=50 width=271) (actual time=0.020..0.294 rows=50 loops=1)
  -&gt;  Nested Loop Left Join  (cost=1.14..643722.83 rows=587388 width=271) (actual time=0.020..0.292 rows=50 loops=1)
        -&gt;  Nested Loop Left Join  (cost=0.85..455748.39 rows=587388 width=269) (actual time=0.016..0.195 rows=50 loops=1)
              -&gt;  Index Scan Backward using crm2_campus_student_id_asc on nice_crm2_campus ncc  (cost=0.42..45947.32 rows=587388 width=48) (actual time=0.008..0.028 rows=50 loops=1)
              -&gt;  Index Scan using nice_crm2_student_pkey on nice_crm2_student ncs  (cost=0.42..0.69 rows=1 width=221) (actual time=0.002..0.002 rows=1 loops=50)
                    Index Cond: (student_id = ncc.student_id)
        -&gt;  Index Scan using nice_student_pkey on nice_student nst  (cost=0.29..0.31 rows=1 width=6) (actual time=0.001..0.001 rows=0 loops=50)
              Index Cond: (ncs.s_id = student_id)
Planning time: 0.479 ms
Execution time: 0.430 ms
</code></pre>

<h3 id="结论">结论</h3>

<p>1. 根据主表nice_crm2_campus的student_id排序，效率明细提升1万多倍
2. 另外，测试了带查询条件的情况，效率也提升1倍多</p>

        
    </div>

</article>
<section class="comment">
    <p class="local-info">
        Comment is disabled to avoid unwanted discussions from 'localhost:1313' on your Disqus
        account...
    </p>
    <div id="disqus_thread"></div>
</section>
<script type="text/javascript">

    (function () {
        if (window.location.hostname == "localhost") {
            return
        }
        document.querySelector('.local-info').classList.add('hide')

        let dsq = document.createElement('script')
        dsq.type = 'text/javascript'
        dsq.async = true
        let disqus_shortname = 'your disqus short name'
        dsq.src = 'https://' + disqus_shortname + '.disqus.com/embed.js';
        (document.getElementsByTagName('head')[0] || document.getElementsByTagName('body')[0]).appendChild(dsq)
    })()
</script>


        </main>
    </div>
    <footer class="footer clearfix">
    <ul class="control social clearfix">
        <li><a class="author btn" href="#">CZZ</a></li>
        
        
        <li>
            <a class="icon-link btn" href="%20"><i class="icon behance"></i></a>
        </li>
        
        
        
        <li>
            <a class="icon-link btn" href="%20"><i class="icon email"></i></a>
        </li>
        
        
        
        <li>
            <a class="icon-link btn" href="%20"><i class="icon facebook"></i></a>
        </li>
        
        
        
        <li>
            <a class="icon-link btn" href="%20"><i class="icon github"></i></a>
        </li>
        
        
        
        <li>
            <a class="icon-link btn" href="%20"><i class="icon twitter"></i></a>
        </li>
        
        
        <li>
            <a class="icon-link btn" href="https://mjczz.github.io/index.xml" type="application/rss+xml" title="rss">
                <i class="rss icon"></i></a>
        </li>
    </ul>

    <ul class="control status clearfix">
        <li><a href="#" class="btn">Posts:
                2</a>
        </li>
        <li><a href="#" class="btn">Pages:
                0</a></li>
        <li><a href="#" class="btn">en</a></li>
        <li><a href="https://gohugo.io" class="btn">Hugo, 0.55.6</a></li>
        <li><a href="https://github.com/jacobsun/edidor" class="btn">Theme: Edidor</a></li>
        <li>
            
                <a href="#" class="btn">Last build: <time
                    datetime="2019-05-18T07:57:00Z">2019-05-18T07:57:00Z</time>
                </a>
            
        </li>
    </ul>
</footer>
<div class="dialog">
    <div class="wrapper">
        <div class="clearfix"><button class="btn close-dialog">X</button></div>
        <header>
            <h1 class="title">Theme Name</h1>
        </header>
        <main>
            <div class="clearfix">
                <label for="theme-name">
                    <p>Only English Character, space, hyphen are allowed!</p>
                    <p>Valid name examples: "custom", "fantastic theme", "my-theme"</p>
                    <p>Invalid name examles: "我的主题", ":)", "123"</p>
                </label>
                <input type="text" name="theme-name" id="theme-name">
            </div>
            <div class="clearfix">
                <button class="btn export">Export</button>
            </div>

        </main>
        <footer></footer>
    </div>
</div>

    <script src="https://mjczz.github.io/js/main.js"></script>



<script src="https://cdnjs.cloudflare.com/ajax/libs/highlight.js/9.15.6/highlight.min.js"></script>

<script>hljs.initHighlightingOnLoad();</script>

<script type="application/javascript">
var doNotTrack = false;
if (!doNotTrack) {
	window.ga=window.ga||function(){(ga.q=ga.q||[]).push(arguments)};ga.l=+new Date;
	ga('create', 'your ga id', 'auto');
	
	ga('send', 'pageview');
}
</script>
<script async src='https://www.google-analytics.com/analytics.js'></script>

</body>

</html>
